<?xml version="1.0" encoding="utf-8"?><testsuites name="pytest tests"><testsuite name="pytest" errors="0" failures="0" skipped="0" tests="6" time="4.781" timestamp="2026-06-17T09:00:14.681700+00:00" hostname="agent-env-e8acd57f-8eb1-4b51-ad70-a766c09b25d0"><testcase classname="test_fase1_ws.TestWebSocketHappyPath" name="test_ws_full_pipeline" time="1.308" /><testcase classname="test_fase1_ws.TestWebSocketErrorHandling" name="test_ws_empty_text" time="0.004" /><testcase classname="test_fase1_ws.TestWebSocketErrorHandling" name="test_ws_invalid_json" time="0.004" /><testcase classname="test_fase1_ws.TestHttpPollingFallback" name="test_fast_start_and_poll" time="1.122" /><testcase classname="test_fase1_ws.TestVoiceOptions" name="test_voice_options_endpoint" time="0.002" /><testcase classname="test_fase1_ws.TestVoiceOptions" name="test_curated_voices_has_theo_with_correct_id" time="2.241" /></testsuite></testsuites>