<?xml version="1.0" encoding="utf-8"?><testsuites name="pytest tests"><testsuite name="pytest" errors="0" failures="0" skipped="0" tests="3" time="7.053" timestamp="2026-06-27T12:40:28.967485+00:00" hostname="agent-env-e8acd57f-8eb1-4b51-ad70-a766c09b25d0"><testcase classname="test_iter10_android_ota_request" name="test_voices_curated_shape" time="0.027" /><testcase classname="test_iter10_android_ota_request" name="test_converse_marco_pavia_persists_memory_and_key_fact" time="4.702" /><testcase classname="test_iter10_android_ota_request" name="test_ws_voice_stream_handshake_with_full_start_frame_then_end" time="2.264" /></testsuite></testsuites>