<?xml version="1.0" encoding="utf-8"?><testsuites name="pytest tests"><testsuite name="pytest" errors="0" failures="0" skipped="0" tests="6" time="7.778" timestamp="2026-09-16T13:44:26.637995+00:00" hostname="agent-env-e8acd57f-8eb1-4b51-ad70-a766c09b25d0"><testcase classname="test_iter22_ollenya_intro_jan2026.TestIntroPremiumState" name="test_fresh_profile_default_seen_false" time="0.200" /><testcase classname="test_iter22_ollenya_intro_jan2026.TestIntroPremiumMarkSeen" name="test_mark_seen_then_idempotent" time="0.572" /><testcase classname="test_iter22_ollenya_intro_jan2026.TestConverseFree" name="test_converse_basic_schema" time="2.323" /><testcase classname="test_iter22_ollenya_intro_jan2026.TestConverseFree" name="test_converse_accepts_bridged_secrets_extra_field" time="2.031" /><testcase classname="test_iter22_ollenya_intro_jan2026.TestFreemiumStatus" name="test_freemium_status_shape_for_fresh_free" time="0.203" /><testcase classname="test_iter22_ollenya_intro_jan2026.TestConverseIncrementsFreemium" name="test_counter_increments_after_converse" time="2.376" /></testsuite></testsuites>