<?xml version="1.0" encoding="utf-8"?><testsuites name="pytest tests"><testsuite name="pytest" errors="0" failures="0" skipped="0" tests="5" time="8.019" timestamp="2026-07-16T17:56:43.137067+00:00" hostname="agent-env-e8acd57f-8eb1-4b51-ad70-a766c09b25d0"><testcase classname="test_iter15_synthetic_done_jan2026.TestSyntheticDoneNoAudio" name="test_no_audio_emits_synthetic_done_fast" time="3.583" /><testcase classname="test_iter15_synthetic_done_jan2026.TestSyntheticDoneTinyAudio" name="test_tiny_audio_emits_synthetic_done" time="3.727" /><testcase classname="test_iter15_synthetic_done_jan2026.TestRegressionProfileAuth" name="test_profile_returns_fabio" time="0.178" /><testcase classname="test_iter15_synthetic_done_jan2026.TestRegressionProfileAuth" name="test_apple_invalid_token_returns_401" time="0.300" /><testcase classname="test_iter15_synthetic_done_jan2026.TestRegressionProfileAuth" name="test_dev_login_returns_200" time="0.167" /></testsuite></testsuites>