<?xml version="1.0" encoding="utf-8"?><testsuites name="pytest tests"><testsuite name="pytest" errors="0" failures="0" skipped="0" tests="6" time="13.310" timestamp="2026-06-27T10:09:52.841527+00:00" hostname="agent-env-e8acd57f-8eb1-4b51-ad70-a766c09b25d0"><testcase classname="test_koda_regression_jan2026.TestVoices" name="test_voices_shape_and_curated_list" time="0.129" /><testcase classname="test_koda_regression_jan2026.TestConverseStandard" name="test_converse_persists_memory_and_key_facts" time="5.143" /><testcase classname="test_koda_regression_jan2026.TestConverseEphemeral" name="test_ephemeral_does_not_persist_memory_or_key_facts" time="5.543" /><testcase classname="test_koda_regression_jan2026.TestTemporalContext" name="test_empty_recent_returns_anchor" time="1.627" /><testcase classname="test_koda_regression_jan2026.TestTemporalContext" name="test_with_two_user_entries_emits_gap" time="0.000" /><testcase classname="test_koda_regression_jan2026.TestVoiceStreamWSReady" name="test_ws_connects_and_emits_ready" time="0.436" /></testsuite></testsuites>