<?xml version="1.0" encoding="utf-8"?><testsuites name="pytest tests"><testsuite name="pytest" errors="0" failures="0" skipped="0" tests="10" time="1.670" timestamp="2026-08-23T08:06:00.573273+00:00" hostname="agent-env-e8acd57f-8eb1-4b51-ad70-a766c09b25d0"><testcase classname="test_iter20_paywall_dev_bypass_jan2026.TestAdminWhoAmI" name="test_whoami_admin_returns_is_admin_true" time="0.184" /><testcase classname="test_iter20_paywall_dev_bypass_jan2026.TestAdminWhoAmI" name="test_whoami_anon_returns_is_admin_false" time="0.154" /><testcase classname="test_iter20_paywall_dev_bypass_jan2026.TestProfileNoIsAdmin" name="test_profile_response_does_not_contain_is_admin" time="0.137" /><testcase classname="test_iter20_paywall_dev_bypass_jan2026.TestDevSetTier" name="test_set_tier_bimonthly" time="0.096" /><testcase classname="test_iter20_paywall_dev_bypass_jan2026.TestDevSetTier" name="test_set_tier_annual" time="0.144" /><testcase classname="test_iter20_paywall_dev_bypass_jan2026.TestDevSetTier" name="test_set_tier_null_resets_to_free" time="0.100" /><testcase classname="test_iter20_paywall_dev_bypass_jan2026.TestDevSetTier" name="test_set_tier_non_admin_forbidden" time="0.132" /><testcase classname="test_iter20_paywall_dev_bypass_jan2026.TestDevIntroPremiumReset" name="test_intro_premium_reset_admin" time="0.102" /><testcase classname="test_iter20_paywall_dev_bypass_jan2026.TestDevIntroPremiumReset" name="test_intro_premium_reset_non_admin_forbidden" time="0.135" /><testcase classname="test_iter20_paywall_dev_bypass_jan2026.TestPaywallDevBypassSequence" name="test_full_bypass_sequence" time="0.411" /></testsuite></testsuites>