<?xml version="1.0" encoding="utf-8"?><testsuites name="pytest tests"><testsuite name="pytest" errors="0" failures="0" skipped="0" tests="6" time="13.972" timestamp="2026-09-21T06:07:36.854863+00:00" hostname="agent-env-e8acd57f-8eb1-4b51-ad70-a766c09b25d0"><testcase classname="test_demo_mode_converse_jan2026.TestConverseDemoMode" name="test_health_and_seed" time="0.337" /><testcase classname="test_demo_mode_converse_jan2026.TestConverseDemoMode" name="test_baseline_no_demo_mode_may_reference_memory" time="2.517" /><testcase classname="test_demo_mode_converse_jan2026.TestConverseDemoMode" name="test_demo_mode_true_no_memory_leak" time="1.631" /><testcase classname="test_demo_mode_converse_jan2026.TestConverseDemoMode" name="test_demo_mode_true_does_not_persist_to_timeline" time="3.142" /><testcase classname="test_demo_mode_converse_jan2026.TestConverseDemoMode" name="test_normal_mode_does_persist_to_timeline" time="3.669" /><testcase classname="test_demo_mode_converse_jan2026.TestConverseDemoMode" name="test_demo_mode_with_ephemeral_false_still_ephemeral" time="2.550" /></testsuite></testsuites>