<?xml version="1.0" encoding="utf-8"?><testsuites name="pytest tests"><testsuite name="pytest" errors="0" failures="0" skipped="0" tests="10" time="18.945" timestamp="2026-07-16T21:47:14.051079+00:00" hostname="agent-env-e8acd57f-8eb1-4b51-ad70-a766c09b25d0"><testcase classname="test_iter17_ephemeral_gate_jan2026.TestProfileFabioStable" name="test_profile_returns_fabio" time="0.323" /><testcase classname="test_iter17_ephemeral_gate_jan2026.TestProfileFabioStable" name="test_five_sequential_profile_calls_no_oscillation" time="0.674" /><testcase classname="test_iter17_ephemeral_gate_jan2026.TestWsNoAudioSyntheticDone" name="test_no_audio_exactly_one_done_fast" time="3.485" /><testcase classname="test_iter17_ephemeral_gate_jan2026.TestWsTinyAudioEphemeralFalse" name="test_tiny_audio_ephemeral_false_exactly_one_done" time="3.666" /><testcase classname="test_iter17_ephemeral_gate_jan2026.TestEphemeralGateNoTimelineWrites" name="test_ephemeral_true_produces_zero_timeline_writes" time="4.930" /><testcase classname="test_iter17_ephemeral_gate_jan2026.TestEphemeralGateNoTimelineWrites" name="test_ephemeral_true_no_new_memories_or_key_facts" time="4.733" /><testcase classname="test_iter17_ephemeral_gate_jan2026.TestConfessionalReset" name="test_confessional_reset_deletes_buffer_rows" time="0.214" /><testcase classname="test_iter17_ephemeral_gate_jan2026.TestConfessionalReset" name="test_confessional_reset_empty_token_returns_zero" time="0.179" /><testcase classname="test_iter17_ephemeral_gate_jan2026.TestAuthRegressions" name="test_apple_invalid_token_401" time="0.307" /><testcase classname="test_iter17_ephemeral_gate_jan2026.TestAuthRegressions" name="test_dev_login_200" time="0.299" /></testsuite></testsuites>