<?xml version="1.0" encoding="utf-8"?><testsuites name="pytest tests"><testsuite name="pytest" errors="0" failures="0" skipped="0" tests="34" time="40.249" timestamp="2026-07-16T21:48:51.941589+00:00" hostname="agent-env-e8acd57f-8eb1-4b51-ad70-a766c09b25d0"><testcase classname="test_iter14_fabio_profile_ws_jan2026.TestProfileFabio" name="test_profile_returns_fabio_name" time="0.155" /><testcase classname="test_iter14_fabio_profile_ws_jan2026.TestProfileFabio" name="test_profile_total_messages_634" time="0.130" /><testcase classname="test_iter14_fabio_profile_ws_jan2026.TestProfileFabio" name="test_profile_koda_voice_aria" time="0.140" /><testcase classname="test_iter14_fabio_profile_ws_jan2026.TestProfileFabio" name="test_profile_onboarded_true" time="0.127" /><testcase classname="test_iter14_fabio_profile_ws_jan2026.TestProfileFabio" name="test_profile_voice_locked_true" time="0.106" /><testcase classname="test_iter14_fabio_profile_ws_jan2026.TestProfileFabio" name="test_profile_updated_at_is_iso_string" time="0.169" /><testcase classname="test_iter14_fabio_profile_ws_jan2026.TestProfileConsistency" name="test_five_sequential_profile_reads_all_return_fabio" time="0.594" /><testcase classname="test_iter14_fabio_profile_ws_jan2026.TestAuthGuards" name="test_apple_invalid_token_returns_401_not_500" time="0.313" /><testcase classname="test_iter14_fabio_profile_ws_jan2026.TestAuthGuards" name="test_apple_malformed_body_returns_4xx_not_500" time="0.111" /><testcase classname="test_iter14_fabio_profile_ws_jan2026.TestAuthGuards" name="test_google_session_missing_session_id_returns_401" time="0.114" /><testcase classname="test_iter14_fabio_profile_ws_jan2026.TestAuthGuards" name="test_dev_login_returns_200_with_session_token" time="0.123" /><testcase classname="test_iter14_fabio_profile_ws_jan2026.TestVoiceStreamWS" name="test_ws_accepts_connection_and_returns_ready" time="0.480" /><testcase classname="test_iter14_fabio_profile_ws_jan2026.TestVoiceStreamWS" name="test_ws_no_1006_close_on_immediate_connect" time="0.688" /><testcase classname="test_iter15_synthetic_done_jan2026.TestSyntheticDoneNoAudio" name="test_no_audio_emits_synthetic_done_fast" time="3.530" /><testcase classname="test_iter15_synthetic_done_jan2026.TestSyntheticDoneTinyAudio" name="test_tiny_audio_emits_synthetic_done" time="3.665" /><testcase classname="test_iter15_synthetic_done_jan2026.TestRegressionProfileAuth" name="test_profile_returns_fabio" time="0.124" /><testcase classname="test_iter15_synthetic_done_jan2026.TestRegressionProfileAuth" name="test_apple_invalid_token_returns_401" time="0.122" /><testcase classname="test_iter15_synthetic_done_jan2026.TestRegressionProfileAuth" name="test_dev_login_returns_200" time="0.115" /><testcase classname="test_iter16_no_duplicate_done_jan2026.TestNoAudioExactlyOneDone" name="test_no_audio_exactly_one_done_no_duplicate" time="3.567" /><testcase classname="test_iter16_no_duplicate_done_jan2026.TestTinyAudioExactlyOneDone" name="test_tiny_audio_exactly_one_done_no_duplicate" time="3.684" /><testcase classname="test_iter16_no_duplicate_done_jan2026.TestLongerAudioNoDuplicateDone" name="test_longer_audio_no_duplicate_done" time="3.949" /><testcase classname="test_iter16_no_duplicate_done_jan2026.TestRegressionProfileAuth" name="test_profile_returns_fabio" time="0.146" /><testcase classname="test_iter16_no_duplicate_done_jan2026.TestRegressionProfileAuth" name="test_apple_invalid_token_returns_401" time="0.128" /><testcase classname="test_iter16_no_duplicate_done_jan2026.TestRegressionProfileAuth" name="test_dev_login_returns_200" time="0.112" /><testcase classname="test_iter17_ephemeral_gate_jan2026.TestProfileFabioStable" name="test_profile_returns_fabio" time="0.122" /><testcase classname="test_iter17_ephemeral_gate_jan2026.TestProfileFabioStable" name="test_five_sequential_profile_calls_no_oscillation" time="0.560" /><testcase classname="test_iter17_ephemeral_gate_jan2026.TestWsNoAudioSyntheticDone" name="test_no_audio_exactly_one_done_fast" time="3.478" /><testcase classname="test_iter17_ephemeral_gate_jan2026.TestWsTinyAudioEphemeralFalse" name="test_tiny_audio_ephemeral_false_exactly_one_done" time="3.663" /><testcase classname="test_iter17_ephemeral_gate_jan2026.TestEphemeralGateNoTimelineWrites" name="test_ephemeral_true_produces_zero_timeline_writes" time="4.673" /><testcase classname="test_iter17_ephemeral_gate_jan2026.TestEphemeralGateNoTimelineWrites" name="test_ephemeral_true_no_new_memories_or_key_facts" time="4.720" /><testcase classname="test_iter17_ephemeral_gate_jan2026.TestConfessionalReset" name="test_confessional_reset_deletes_buffer_rows" time="0.147" /><testcase classname="test_iter17_ephemeral_gate_jan2026.TestConfessionalReset" name="test_confessional_reset_empty_token_returns_zero" time="0.112" /><testcase classname="test_iter17_ephemeral_gate_jan2026.TestAuthRegressions" name="test_apple_invalid_token_401" time="0.118" /><testcase classname="test_iter17_ephemeral_gate_jan2026.TestAuthRegressions" name="test_dev_login_200" time="0.115" /></testsuite></testsuites>