<?xml version="1.0" encoding="utf-8"?><testsuites name="pytest tests"><testsuite name="pytest" errors="0" failures="4" skipped="0" tests="24" time="22.750" timestamp="2026-07-01T07:41:33.329608+00:00" hostname="agent-env-e8acd57f-8eb1-4b51-ad70-a766c09b25d0"><testcase classname="test_iter12_whisper_vad_prosody_jan2026.TestDgParamsForRoute" name="test_bluetooth_aggressive" time="0.240" /><testcase classname="test_iter12_whisper_vad_prosody_jan2026.TestDgParamsForRoute" name="test_wired_conservative" time="0.000" /><testcase classname="test_iter12_whisper_vad_prosody_jan2026.TestDgParamsForRoute" name="test_builtin_balanced" time="0.000" /><testcase classname="test_iter12_whisper_vad_prosody_jan2026.TestDgParamsForRoute" name="test_unknown_falls_back_to_builtin_default" time="0.000" /><testcase classname="test_iter12_whisper_vad_prosody_jan2026.TestDgParamsForRoute" name="test_route_is_case_insensitive_and_stripped" time="0.000" /><testcase classname="test_iter12_whisper_vad_prosody_jan2026.TestDgParamsForRoute" name="test_returns_a_copy_not_mutating_defaults" time="0.000" /><testcase classname="test_iter12_whisper_vad_prosody_jan2026.TestDeepgramLiveSessionAcceptsParams" name="test_constructor_accepts_dg_params" time="0.000" /><testcase classname="test_iter12_whisper_vad_prosody_jan2026.TestDeepgramLiveSessionAcceptsParams" name="test_constructor_defaults_when_no_params" time="0.000" /><testcase classname="test_iter12_whisper_vad_prosody_jan2026.TestNoDuplicateTriggerPipeline" name="test_single_definition_in_source" time="0.000" /><testcase classname="test_iter12_whisper_vad_prosody_jan2026.TestWhisperJsonSanitization" name="test_response_format_is_json_not_text" time="0.000" /><testcase classname="test_iter12_whisper_vad_prosody_jan2026.TestWhisperJsonSanitization" name="test_sanitization_loop_present" time="0.000" /><testcase classname="test_iter12_whisper_vad_prosody_jan2026.TestWhisperJsonSanitization" name="test_extract_text_helper_present" time="0.000" /><testcase classname="test_iter12_whisper_vad_prosody_jan2026.TestWhisperJsonSanitization" name="test_sanitizer_semantic_simulation" time="0.000" /><testcase classname="test_iter12_whisper_vad_prosody_jan2026.TestWhisperJsonSanitization" name="test_sanitizer_double_wrap" time="0.000" /><testcase classname="test_iter12_whisper_vad_prosody_jan2026.TestConverseFastEndToEnd" name="test_start_returns_session_id" time="0.316" /><testcase classname="test_iter12_whisper_vad_prosody_jan2026.TestConverseFastEndToEnd" name="test_start_empty_text_400" time="0.572" /><testcase classname="test_iter12_whisper_vad_prosody_jan2026.TestConverseFastEndToEnd" name="test_reply_generates_sentences_and_unified_body" time="12.088" /><testcase classname="test_iter12_whisper_vad_prosody_jan2026.TestConverseFastEndToEnd" name="test_reply_no_500_errors" time="7.296" /><testcase classname="test_iter12_whisper_vad_prosody_jan2026.TestVoiceStreamAudioRoute" name="test_audio_route_bluetooth" time="0.436"><failure message="AssertionError: got {'type': 'error', 'message': 'STT unavailable: server rejected WebSocket connection: HTTP 400'}&#10;assert 'error' == 'ready'&#10;  &#10;  - ready&#10;  + error">tests/test_iter12_whisper_vad_prosody_jan2026.py:395: in test_audio_route_bluetooth
    assert evt.get("type") == "ready", f"got {evt}"
E   AssertionError: got {'type': 'error', 'message': 'STT unavailable: server rejected WebSocket connection: HTTP 400'}
E   assert 'error' == 'ready'
E     
E     - ready
E     + error</failure></testcase><testcase classname="test_iter12_whisper_vad_prosody_jan2026.TestVoiceStreamAudioRoute" name="test_audio_route_wired" time="0.449" /><testcase classname="test_iter12_whisper_vad_prosody_jan2026.TestVoiceStreamAudioRoute" name="test_audio_route_builtin" time="0.349"><failure message="AssertionError: got {'type': 'error', 'message': 'STT unavailable: server rejected WebSocket connection: HTTP 400'}&#10;assert 'error' == 'ready'&#10;  &#10;  - ready&#10;  + error">tests/test_iter12_whisper_vad_prosody_jan2026.py:404: in test_audio_route_builtin
    assert evt.get("type") == "ready", f"got {evt}"
E   AssertionError: got {'type': 'error', 'message': 'STT unavailable: server rejected WebSocket connection: HTTP 400'}
E   assert 'error' == 'ready'
E     
E     - ready
E     + error</failure></testcase><testcase classname="test_iter12_whisper_vad_prosody_jan2026.TestVoiceStreamAudioRoute" name="test_audio_route_unknown_string" time="0.376"><failure message="AssertionError: got {'type': 'error', 'message': 'STT unavailable: server rejected WebSocket connection: HTTP 400'}&#10;assert 'error' == 'ready'&#10;  &#10;  - ready&#10;  + error">tests/test_iter12_whisper_vad_prosody_jan2026.py:408: in test_audio_route_unknown_string
    assert evt.get("type") == "ready", f"got {evt}"
E   AssertionError: got {'type': 'error', 'message': 'STT unavailable: server rejected WebSocket connection: HTTP 400'}
E   assert 'error' == 'ready'
E     
E     - ready
E     + error</failure></testcase><testcase classname="test_iter12_whisper_vad_prosody_jan2026.TestVoiceStreamAudioRoute" name="test_no_audio_route_field_still_works" time="0.362"><failure message="AssertionError: got {'type': 'error', 'message': 'STT unavailable: server rejected WebSocket connection: HTTP 400'}&#10;assert 'error' == 'ready'&#10;  &#10;  - ready&#10;  + error">tests/test_iter12_whisper_vad_prosody_jan2026.py:413: in test_no_audio_route_field_still_works
    assert evt.get("type") == "ready", f"got {evt}"
E   AssertionError: got {'type': 'error', 'message': 'STT unavailable: server rejected WebSocket connection: HTTP 400'}
E   assert 'error' == 'ready'
E     
E     - ready
E     + error</failure></testcase><testcase classname="test_iter12_whisper_vad_prosody_jan2026.TestAuthRegression" name="test_dev_login_200" time="0.134" /></testsuite></testsuites>