<?xml version="1.0" encoding="utf-8"?><testsuites name="pytest tests"><testsuite name="pytest" errors="0" failures="0" skipped="0" tests="7" time="2.035" timestamp="2026-05-04T16:04:46.438236+00:00" hostname="agent-env-e8acd57f-8eb1-4b51-ad70-a766c09b25d0"><testcase classname="backend.tests.test_iter2_features" name="test_featured_app_shape" time="0.316" /><testcase classname="backend.tests.test_iter2_features" name="test_featured_app_stable_within_week" time="0.116" /><testcase classname="backend.tests.test_iter2_features" name="test_transcribe_empty_returns_400" time="0.053" /><testcase classname="backend.tests.test_iter2_features" name="test_transcribe_silent_wav" time="1.329" /><testcase classname="backend.tests.test_iter2_features" name="test_categories_still_work" time="0.051" /><testcase classname="backend.tests.test_iter2_features" name="test_favorites_get_still_work" time="0.053" /><testcase classname="backend.tests.test_iter2_features" name="test_history_get_still_work" time="0.051" /></testsuite></testsuites>