<?xml version="1.0" encoding="utf-8"?><testsuites name="pytest tests"><testsuite name="pytest" errors="0" failures="0" skipped="0" tests="25" time="17.033" timestamp="2026-07-01T07:47:11.512412+00:00" hostname="agent-env-e8acd57f-8eb1-4b51-ad70-a766c09b25d0"><testcase classname="test_iter12_whisper_vad_prosody_jan2026.TestDgParamsForRoute" name="test_bluetooth_aggressive" time="0.237" /><testcase classname="test_iter12_whisper_vad_prosody_jan2026.TestDgParamsForRoute" name="test_wired_conservative" time="0.000" /><testcase classname="test_iter12_whisper_vad_prosody_jan2026.TestDgParamsForRoute" name="test_builtin_balanced" time="0.000" /><testcase classname="test_iter12_whisper_vad_prosody_jan2026.TestDgParamsForRoute" name="test_unknown_falls_back_to_builtin_default" time="0.000" /><testcase classname="test_iter12_whisper_vad_prosody_jan2026.TestDgParamsForRoute" name="test_route_is_case_insensitive_and_stripped" time="0.000" /><testcase classname="test_iter12_whisper_vad_prosody_jan2026.TestDgParamsForRoute" name="test_utterance_end_ms_never_below_1000_for_any_route" time="0.000" /><testcase classname="test_iter12_whisper_vad_prosody_jan2026.TestDgParamsForRoute" name="test_returns_a_copy_not_mutating_defaults" time="0.000" /><testcase classname="test_iter12_whisper_vad_prosody_jan2026.TestDeepgramLiveSessionAcceptsParams" name="test_constructor_accepts_dg_params" time="0.000" /><testcase classname="test_iter12_whisper_vad_prosody_jan2026.TestDeepgramLiveSessionAcceptsParams" name="test_constructor_defaults_when_no_params" time="0.000" /><testcase classname="test_iter12_whisper_vad_prosody_jan2026.TestNoDuplicateTriggerPipeline" name="test_single_definition_in_source" time="0.000" /><testcase classname="test_iter12_whisper_vad_prosody_jan2026.TestWhisperJsonSanitization" name="test_response_format_is_json_not_text" time="0.000" /><testcase classname="test_iter12_whisper_vad_prosody_jan2026.TestWhisperJsonSanitization" name="test_sanitization_loop_present" time="0.000" /><testcase classname="test_iter12_whisper_vad_prosody_jan2026.TestWhisperJsonSanitization" name="test_extract_text_helper_present" time="0.000" /><testcase classname="test_iter12_whisper_vad_prosody_jan2026.TestWhisperJsonSanitization" name="test_sanitizer_semantic_simulation" time="0.000" /><testcase classname="test_iter12_whisper_vad_prosody_jan2026.TestWhisperJsonSanitization" name="test_sanitizer_double_wrap" time="0.000" /><testcase classname="test_iter12_whisper_vad_prosody_jan2026.TestConverseFastEndToEnd" name="test_start_returns_session_id" time="0.291" /><testcase classname="test_iter12_whisper_vad_prosody_jan2026.TestConverseFastEndToEnd" name="test_start_empty_text_400" time="0.138" /><testcase classname="test_iter12_whisper_vad_prosody_jan2026.TestConverseFastEndToEnd" name="test_reply_generates_sentences_and_unified_body" time="6.476" /><testcase classname="test_iter12_whisper_vad_prosody_jan2026.TestConverseFastEndToEnd" name="test_reply_no_500_errors" time="7.200" /><testcase classname="test_iter12_whisper_vad_prosody_jan2026.TestVoiceStreamAudioRoute" name="test_audio_route_bluetooth" time="0.634" /><testcase classname="test_iter12_whisper_vad_prosody_jan2026.TestVoiceStreamAudioRoute" name="test_audio_route_wired" time="0.434" /><testcase classname="test_iter12_whisper_vad_prosody_jan2026.TestVoiceStreamAudioRoute" name="test_audio_route_builtin" time="0.457" /><testcase classname="test_iter12_whisper_vad_prosody_jan2026.TestVoiceStreamAudioRoute" name="test_audio_route_unknown_string" time="0.454" /><testcase classname="test_iter12_whisper_vad_prosody_jan2026.TestVoiceStreamAudioRoute" name="test_no_audio_route_field_still_works" time="0.517" /><testcase classname="test_iter12_whisper_vad_prosody_jan2026.TestAuthRegression" name="test_dev_login_200" time="0.101" /></testsuite></testsuites>