<?xml version="1.0" encoding="utf-8"?><testsuites name="pytest tests"><testsuite name="pytest" errors="0" failures="0" skipped="0" tests="13" time="3.636" timestamp="2026-07-16T17:18:25.525305+00:00" hostname="agent-env-e8acd57f-8eb1-4b51-ad70-a766c09b25d0"><testcase classname="test_iter14_fabio_profile_ws_jan2026.TestProfileFabio" name="test_profile_returns_fabio_name" time="0.295" /><testcase classname="test_iter14_fabio_profile_ws_jan2026.TestProfileFabio" name="test_profile_total_messages_634" time="0.105" /><testcase classname="test_iter14_fabio_profile_ws_jan2026.TestProfileFabio" name="test_profile_koda_voice_aria" time="0.123" /><testcase classname="test_iter14_fabio_profile_ws_jan2026.TestProfileFabio" name="test_profile_onboarded_true" time="0.142" /><testcase classname="test_iter14_fabio_profile_ws_jan2026.TestProfileFabio" name="test_profile_voice_locked_true" time="0.188" /><testcase classname="test_iter14_fabio_profile_ws_jan2026.TestProfileFabio" name="test_profile_updated_at_is_iso_string" time="0.100" /><testcase classname="test_iter14_fabio_profile_ws_jan2026.TestProfileConsistency" name="test_five_sequential_profile_reads_all_return_fabio" time="0.741" /><testcase classname="test_iter14_fabio_profile_ws_jan2026.TestAuthGuards" name="test_apple_invalid_token_returns_401_not_500" time="0.368" /><testcase classname="test_iter14_fabio_profile_ws_jan2026.TestAuthGuards" name="test_apple_malformed_body_returns_4xx_not_500" time="0.122" /><testcase classname="test_iter14_fabio_profile_ws_jan2026.TestAuthGuards" name="test_google_session_missing_session_id_returns_401" time="0.109" /><testcase classname="test_iter14_fabio_profile_ws_jan2026.TestAuthGuards" name="test_dev_login_returns_200_with_session_token" time="0.146" /><testcase classname="test_iter14_fabio_profile_ws_jan2026.TestVoiceStreamWS" name="test_ws_accepts_connection_and_returns_ready" time="0.441" /><testcase classname="test_iter14_fabio_profile_ws_jan2026.TestVoiceStreamWS" name="test_ws_no_1006_close_on_immediate_connect" time="0.688" /></testsuite></testsuites>