<?xml version="1.0" encoding="utf-8"?><testsuites name="pytest tests"><testsuite name="pytest" errors="0" failures="0" skipped="0" tests="18" time="10.259" timestamp="2026-08-12T15:49:09.361042+00:00" hostname="agent-env-e8acd57f-8eb1-4b51-ad70-a766c09b25d0"><testcase classname="test_task123_backend_aug2026.TestTask3DevTTSPreview" name="test_presets_requires_admin" time="0.294" /><testcase classname="test_task123_backend_aug2026.TestTask3DevTTSPreview" name="test_presets_non_admin_forbidden" time="0.075" /><testcase classname="test_task123_backend_aug2026.TestTask3DevTTSPreview" name="test_presets_admin_ok" time="0.069" /><testcase classname="test_task123_backend_aug2026.TestTask3DevTTSPreview" name="test_preview_empty_text_400" time="0.081" /><testcase classname="test_task123_backend_aug2026.TestTask3DevTTSPreview" name="test_preview_no_auth_403" time="0.067" /><testcase classname="test_task123_backend_aug2026.TestTask3DevTTSPreview" name="test_preview_returns_mp3_and_header" time="0.345" /><testcase classname="test_task123_backend_aug2026.TestTask3DevTTSPreview" name="test_preview_clamp_out_of_range" time="0.198" /><testcase classname="test_task123_backend_aug2026.TestTask2TTSNonRegression" name="test_health_ok" time="0.067" /><testcase classname="test_task123_backend_aug2026.TestTask2TTSNonRegression" name="test_tts_prepare_still_works" time="0.193" /><testcase classname="test_task123_backend_aug2026.TestTask2TTSNonRegression" name="test_converse_ws_accepts_and_emits_session" time="0.308" /><testcase classname="test_task123_backend_aug2026.TestTask1POCOpenAIRealtime" name="test_status_requires_admin" time="0.074" /><testcase classname="test_task123_backend_aug2026.TestTask1POCOpenAIRealtime" name="test_status_admin_ok" time="0.071" /><testcase classname="test_task123_backend_aug2026.TestTask1POCOpenAIRealtime" name="test_text_turn_invalid_model" time="0.073" /><testcase classname="test_task123_backend_aug2026.TestTask1POCOpenAIRealtime" name="test_text_turn_invalid_voice" time="0.070" /><testcase classname="test_task123_backend_aug2026.TestTask1POCOpenAIRealtime" name="test_text_turn_happy_path" time="4.487" /><testcase classname="test_task123_backend_aug2026.TestTask1POCOpenAIRealtime" name="test_report_after_turn" time="0.082" /><testcase classname="test_task123_backend_aug2026.TestTask1POCOpenAIRealtime" name="test_guardrail_battery_jailbreak" time="3.556" /><testcase classname="test_task123_backend_aug2026.TestTask1POCOpenAIRealtime" name="test_barge_in_notes" time="0.082" /></testsuite></testsuites>