<?xml version="1.0" encoding="utf-8"?><testsuites name="pytest tests"><testsuite name="pytest" errors="0" failures="1" skipped="0" tests="6" time="22.621" timestamp="2026-09-21T06:04:24.890922+00:00" hostname="agent-env-e8acd57f-8eb1-4b51-ad70-a766c09b25d0"><testcase classname="test_demo_mode_converse_jan2026.TestConverseDemoMode" name="test_health_and_seed" time="0.388" /><testcase classname="test_demo_mode_converse_jan2026.TestConverseDemoMode" name="test_baseline_no_demo_mode_may_reference_memory" time="5.728" /><testcase classname="test_demo_mode_converse_jan2026.TestConverseDemoMode" name="test_demo_mode_true_no_memory_leak" time="5.199"><failure message="AssertionError: demo_mode leaked user-specific memory tokens ['fabio'] in AI response:&#10;  Ciao Fabio. Come stai?&#10;assert not ['fabio']">tests/test_demo_mode_converse_jan2026.py:225: in test_demo_mode_true_no_memory_leak
    assert not leaks, (
E   AssertionError: demo_mode leaked user-specific memory tokens ['fabio'] in AI response:
E     Ciao Fabio. Come stai?
E   assert not ['fabio']</failure></testcase><testcase classname="test_demo_mode_converse_jan2026.TestConverseDemoMode" name="test_demo_mode_true_does_not_persist_to_timeline" time="3.715" /><testcase classname="test_demo_mode_converse_jan2026.TestConverseDemoMode" name="test_normal_mode_does_persist_to_timeline" time="4.787" /><testcase classname="test_demo_mode_converse_jan2026.TestConverseDemoMode" name="test_demo_mode_with_ephemeral_false_still_ephemeral" time="2.647" /></testsuite></testsuites>