<?xml version="1.0" encoding="utf-8"?><testsuites name="pytest tests"><testsuite name="pytest" errors="0" failures="0" skipped="0" tests="15" time="0.167" timestamp="2026-08-24T05:09:45.641491+00:00" hostname="agent-env-e8acd57f-8eb1-4b51-ad70-a766c09b25d0"><testcase classname="test_iter21_tier_switch_router_jan2026.TestAuthGating" name="test_whoami_admin_returns_is_admin_true" time="0.006" /><testcase classname="test_iter21_tier_switch_router_jan2026.TestAuthGating" name="test_whoami_anon_returns_is_admin_false" time="0.002" /><testcase classname="test_iter21_tier_switch_router_jan2026.TestAuthGating" name="test_set_tier_anon_forbidden" time="0.003" /><testcase classname="test_iter21_tier_switch_router_jan2026.TestAuthGating" name="test_intro_premium_reset_anon_forbidden" time="0.002" /><testcase classname="test_iter21_tier_switch_router_jan2026.TestAuthGating" name="test_intro_premium_state_admin_reachable" time="0.023" /><testcase classname="test_iter21_tier_switch_router_jan2026.TestTierSwitchFlow" name="test_a_set_tier_null_free" time="0.003" /><testcase classname="test_iter21_tier_switch_router_jan2026.TestTierSwitchFlow" name="test_b_profile_reflects_free" time="0.002" /><testcase classname="test_iter21_tier_switch_router_jan2026.TestTierSwitchFlow" name="test_c_set_tier_monthly" time="0.002" /><testcase classname="test_iter21_tier_switch_router_jan2026.TestTierSwitchFlow" name="test_d_profile_reflects_monthly" time="0.002" /><testcase classname="test_iter21_tier_switch_router_jan2026.TestTierSwitchFlow" name="test_e_set_tier_bimonthly" time="0.002" /><testcase classname="test_iter21_tier_switch_router_jan2026.TestTierSwitchFlow" name="test_f_profile_reflects_bimonthly" time="0.002" /><testcase classname="test_iter21_tier_switch_router_jan2026.TestTierSwitchFlow" name="test_g_reset_intro_premium" time="0.002" /><testcase classname="test_iter21_tier_switch_router_jan2026.TestTierSwitchFlow" name="test_h_intro_premium_state_after_reset" time="0.002" /><testcase classname="test_iter21_tier_switch_router_jan2026.TestTierSwitchFlow" name="test_i_invalid_tier_rejected" time="0.002" /><testcase classname="test_iter21_tier_switch_router_jan2026.TestTierSwitchFlow" name="test_z_cleanup_restore_free" time="0.004" /></testsuite></testsuites>