<?xml version="1.0" encoding="utf-8"?><testsuites name="pytest tests"><testsuite name="pytest" errors="0" failures="0" skipped="0" tests="6" time="12.207" timestamp="2026-07-16T18:04:09.920669+00:00" hostname="agent-env-e8acd57f-8eb1-4b51-ad70-a766c09b25d0"><testcase classname="test_iter16_no_duplicate_done_jan2026.TestNoAudioExactlyOneDone" name="test_no_audio_exactly_one_done_no_duplicate" time="3.630" /><testcase classname="test_iter16_no_duplicate_done_jan2026.TestTinyAudioExactlyOneDone" name="test_tiny_audio_exactly_one_done_no_duplicate" time="3.750" /><testcase classname="test_iter16_no_duplicate_done_jan2026.TestLongerAudioNoDuplicateDone" name="test_longer_audio_no_duplicate_done" time="4.011" /><testcase classname="test_iter16_no_duplicate_done_jan2026.TestRegressionProfileAuth" name="test_profile_returns_fabio" time="0.165" /><testcase classname="test_iter16_no_duplicate_done_jan2026.TestRegressionProfileAuth" name="test_apple_invalid_token_returns_401" time="0.430" /><testcase classname="test_iter16_no_duplicate_done_jan2026.TestRegressionProfileAuth" name="test_dev_login_returns_200" time="0.155" /></testsuite></testsuites>