<?xml version="1.0" encoding="utf-8"?><testsuites name="pytest tests"><testsuite name="pytest" errors="0" failures="0" skipped="0" tests="3" time="3.713" timestamp="2026-06-25T14:53:36.542390+00:00" hostname="agent-env-e8acd57f-8eb1-4b51-ad70-a766c09b25d0"><testcase classname="test_voice_stream_v9" name="test_profile_get_200" time="0.281" /><testcase classname="test_voice_stream_v9" name="test_dev_login_returns_token_or_cookie" time="0.120" /><testcase classname="test_voice_stream_v9" name="test_ws_voice_stream_full_protocol" time="3.258" /></testsuite></testsuites>