<?xml version="1.0" encoding="utf-8"?><testsuites name="pytest tests"><testsuite name="pytest" errors="0" failures="0" skipped="0" tests="8" time="4.659" timestamp="2026-06-29T06:22:38.406827+00:00" hostname="agent-env-e8acd57f-8eb1-4b51-ad70-a766c09b25d0"><testcase classname="test_iter11_trait_update_jan2026.TestFastSessionIdempotent" name="test_double_create_is_idempotent_and_resets" time="1.764" /><testcase classname="test_iter11_trait_update_jan2026.TestVoiceStreamConfFallbackAndReset" name="test_code_has_conf_zero_fallback" time="0.000" /><testcase classname="test_iter11_trait_update_jan2026.TestVoiceStreamConfFallbackAndReset" name="test_code_resets_utterance_confidence_between_utterances" time="0.000" /><testcase classname="test_iter11_trait_update_jan2026.TestVoiceStreamConfFallbackAndReset" name="test_ws_voice_stream_handshake" time="0.371" /><testcase classname="test_iter11_trait_update_jan2026.TestConverseTraitUpdateParity" name="test_trait_update_is_appended_to_core_traits" time="0.017" /><testcase classname="test_iter11_trait_update_jan2026.TestConverseTraitUpdateParity" name="test_no_trait_update_leaves_core_traits_unchanged" time="0.013" /><testcase classname="test_iter11_trait_update_jan2026.TestConverseTraitUpdateParity" name="test_trait_update_appends_and_caps_at_1500_chars" time="0.019" /><testcase classname="test_iter11_trait_update_jan2026.TestConverseLiveRegression" name="test_live_converse_returns_profile_with_core_traits_field" time="2.069" /></testsuite></testsuites>