<?xml version="1.0" encoding="utf-8"?><testsuites name="pytest tests"><testsuite name="pytest" errors="0" failures="0" skipped="0" tests="13" time="28.573" timestamp="2026-05-04T16:11:07.704768+00:00" hostname="agent-env-e8acd57f-8eb1-4b51-ad70-a766c09b25d0"><testcase classname="backend.tests.test_app_compass" name="test_categories" time="0.288" /><testcase classname="backend.tests.test_app_compass" name="test_recommend_empty" time="0.051" /><testcase classname="backend.tests.test_app_compass" name="test_recommend_structure" time="26.245" /><testcase classname="backend.tests.test_app_compass" name="test_history_has_entry" time="0.052" /><testcase classname="backend.tests.test_app_compass" name="test_favorites_roundtrip" time="0.276" /><testcase classname="backend.tests.test_app_compass" name="test_history_delete" time="0.263" /><testcase classname="backend.tests.test_iter2_features" name="test_featured_app_shape" time="0.162" /><testcase classname="backend.tests.test_iter2_features" name="test_featured_app_stable_within_week" time="0.100" /><testcase classname="backend.tests.test_iter2_features" name="test_transcribe_empty_returns_400" time="0.049" /><testcase classname="backend.tests.test_iter2_features" name="test_transcribe_silent_wav" time="0.796" /><testcase classname="backend.tests.test_iter2_features" name="test_categories_still_work" time="0.115" /><testcase classname="backend.tests.test_iter2_features" name="test_favorites_get_still_work" time="0.047" /><testcase classname="backend.tests.test_iter2_features" name="test_history_get_still_work" time="0.065" /></testsuite></testsuites>