<?xml version="1.0" encoding="utf-8"?><testsuites name="pytest tests"><testsuite name="pytest" errors="0" failures="0" skipped="0" tests="6" time="24.058" timestamp="2026-05-04T15:24:30.524471+00:00" hostname="agent-env-e8acd57f-8eb1-4b51-ad70-a766c09b25d0"><testcase classname="backend.tests.test_app_compass" name="test_categories" time="0.310" /><testcase classname="backend.tests.test_app_compass" name="test_recommend_empty" time="0.062" /><testcase classname="backend.tests.test_app_compass" name="test_recommend_structure" time="22.964" /><testcase classname="backend.tests.test_app_compass" name="test_history_has_entry" time="0.054" /><testcase classname="backend.tests.test_app_compass" name="test_favorites_roundtrip" time="0.285" /><testcase classname="backend.tests.test_app_compass" name="test_history_delete" time="0.260" /></testsuite></testsuites>