<?xml version="1.0" encoding="utf-8"?><testsuites name="pytest tests"><testsuite name="pytest" errors="0" failures="0" skipped="2" tests="6" time="0.678" timestamp="2026-09-16T16:45:24.767660+00:00" hostname="agent-env-e8acd57f-8eb1-4b51-ad70-a766c09b25d0"><testcase classname="test_tts_ollenya.TestTTSLocal" name="test_tts_frontend_hardcoded_voice_reproduces_bug" time="0.228" /><testcase classname="test_tts_ollenya.TestTTSLocal" name="test_tts_cielo_voice_returns_audio" time="0.197" /><testcase classname="test_tts_ollenya.TestTTSLocal" name="test_tts_default_voice_returns_audio" time="0.187" /><testcase classname="test_tts_ollenya.TestTTSLocal" name="test_tts_empty_text_returns_400" time="0.002" /><testcase classname="test_tts_ollenya.TestTTSPublic" name="test_tts_broken_voice_public" time="0.000"><skipped type="pytest.skip" message="EXPO_PUBLIC_BACKEND_URL not set">/app/backend/tests/test_tts_ollenya.py:91: EXPO_PUBLIC_BACKEND_URL not set</skipped></testcase><testcase classname="test_tts_ollenya.TestTTSPublic" name="test_tts_cielo_voice_public" time="0.000"><skipped type="pytest.skip" message="EXPO_PUBLIC_BACKEND_URL not set">/app/backend/tests/test_tts_ollenya.py:96: EXPO_PUBLIC_BACKEND_URL not set</skipped></testcase></testsuite></testsuites>